48168581
1240161710
1864235652
36475461178
20043555959
161723006954
1608922898
122016420109
42761966873
131783588367
4301439912
74072081237
42716859878
82883579394
7477712242
358873525703
363438206208
305667512612
2649493
8212805909
120197
7244920914
2874256
1414363874
39158100628
876260
1936473
9734336727
3972892
33481622356
1151997
330176
2786630
171227312
76738078802
204753798403
2913765316
629385814225
558414768989
281232221073
102362296036
132242490611
64484406910
79770303767
25797593360
652379455574
6903150254
73692852618
72803267460
24368247365
71366002554
8905065939
328559
109263
50002877694
599137
3883424776
27683207937
955339
53987314458
107874950645
159457373768
52786779507
52141037333
107147437551
321177151064
57951370631
1328327
137430647893
123467308041
54552103991
2045642137
87027185685
18350104465
62077213506
3210163187
2119579
63133731045
75681692933
5981363157
64862155974
21667499646
167345175690
21666479527
62663088565
17232405652
318278006046
32515169379
366130837919
83222317486
1904210
31128464829
73303325326
144929245692
213226855842
80545037419
627858
1198274
1297835
1324200724
130498150398
10728866841
271311154884
110359890179
50261358147
102638818898
1926937782
41601451276
3650831146
283094686336
30122629922
13858701626
327789
229092727017
2507293327
101784392864
134658209994
22405373452
90674722985
31207061655
8572118555
8333736257
152100436334
46595569020
53659157398
543235
2794176
2463076
29282223817
1374450
18326358358
3432829631
131432171178
119916814556
133873977160
1064008022
52380592187
173635616
1318515044
5045180
138532824353
312021695678
400307921783
291751848311
148213083942
89043865834
120659505813
138807097044
4503021908
145532304456
110637111431
181467983389
465003
48510
5299448
3560172
3018169
3770999925
467698
11363593395
23916301409
3721801160
7370819995
1971943358
4710083378
147471774
144057144
1160236
37645531
5500880
1916761
31870209756
1210385869
81458825833
67216806272
178852223920
28252969899
1114756720
243852385700
204838930758
284372458678
114610806002
59372093088
98129848355
11285743469
156987574205
1114341305
35044486939
103780493047
226791281101
200148854829
124422729123
33495161469
65867398751
64292238472
68319542522
491844661
1973652758
20636756371
124265120518
94460456937
1421343
31111837680
1262547132
23897436563
36257539780
89872908433
129309835347
58711326135
129050465082
176082462941
31499474237
2863245
199815
74532955882
256076660763
7625464077
15240200206
2895513082
98053425239
118771191
13692823914
22467864496
41716207918
104685666701
9770622323
21657095229
37221163749
2420341
18871393464
168921512760
7591630816
29786276905
49405967303
11104639084
118623351
42020045529
117869906
720730703
1544805647
4623927
455763
846153
234132262287
139567898470
109195582419
52541874385
240915973606
17410518587
5178047644
272191766539
320483402008
245352428629
1931391
37317793205
37276670585
120599036635
432926940292
67040070251
2740056319
53708424385
3171707
460229
25125013914
54012535115
48870602627
7281094051
9282148106
1022003290
24802582882
27866047825
9149780640
7287729372
157955824334
39011516621
92224749155
47112083865
65467217585
114330443304
51607450279
109685763880
149840713022
129054609376
455357870044
27100038504
278238355241
1003926
65266872209
99401519910
143677305002
1597379553
37812851230
3109029
2705703
1712480
26760028295
58403836876
1692999
189535239047
106217496
12201443562
2428495146
46847918117
54406674322
1601985
98975162055
49523214664
2874795
677456703
71565417
1121604869
78036094675
174866110496
22267575561
94164717185
263456320820
77771389311
242648669032
551474
42052548769
2037343
5782931
1889965
3643871
3284204
11086627398
22554825909
5517403969
14935654349
81519532171
1570107
55659894213
293755
2098096
65303874713
46557272377
2398627
8593785970
2755753
12469108806
822052
4291560889
4445829003
20044842972
13827267916
127644494362
159755253504
154794258773
3245011
699006
477055348
1712788
2717277486
1003618
5751293933
176274463904
63919923837
195283776380
14068543027
312784594969
28977617977
7392
135434195127
965970467
10006364137
234578173368
20281196859
72136005480
5299835233
13860
3716174
664706196
4326476
5631395
850465
5683293
11246339181
137830
44001078737
4079537
1091937
396935
985831
101357984035
95584046635
30786615321
308619745819
16204593251
1263339
164511842495
29856106434
15042393674
17525011504
2588309416
1648801
200686160752
400704608150
86015397006
68971803285
2271008124
522830
47348686
55966392713
940170
1921624397
1567335
1117094979
1098174
37100201292
33452746635
40845979097
60858768740
56660021264
54659341583
28866519990
94284498385
124396716752
103541342828
332026256331
3493336
8426110
885192
5028815638
7463201284
12490086070
16033885406
2487566543
120068380509
76427817620
124278221529
180897664332
2638328
3894611336
8736046627
4154727500
38682512407
1991297
160117804
190456890470
5173535290
33222120624
6220984154
1891505
1794793
2123304183
721028
8310254106
6285399120
40937921948
34149846808
715514034543
39521794774
41836756731
52686901575
208172690803
90458760700
12650002134
95422688977
146075408556
89502697746
1150765
41257445999
179321142
58469465901
1158310076
132352753148
8259201874
42790303248
52373766753
732228343
193386655
753368
53105616025
1504349
192248237797
198023931798
11737915497
57148067361
121609114473
1253714
125281161698
5192008206
80699123582
72930398233
84353785285
30797919306
616731115
2277429
5792686438
594440
7299947424
859238611
50717138934
1639618673
5341798539
8552009928
4182871385
15906070950
3354197
7917100576
192068963933
4160180255
13676687255
41657
10310304774
931484939
569529268
1171267482
1507555280
9051473431
1346037
7214580835
2477398
5761658364
80161293212
185696665
190041979666
237991558343
517701877
2175558
18816629062
107141412378
69011335932
18231662449
15718895731
87272565765
36722668059
26470586527
250984118154
368653853337
373395595958
61466518806
51241104992
34178805969
10087
194781696802
86333596272
1027257
38231116
1541309
5388882576
15986000030
66555617513
555709
106873195044
33108183570
226611
6182497090
7990339203
479790641946
38313152031
152408669875
1077692
189658255633
22433442955
1916838924
13223714273
462487644157
3839951586
6522365157
68329717995
1119195
766535
2269190
6417488
5166315
2683989
1826902
